{"/Users/abhaykumar/Desktop/NamastePakwaanApp/src/Pages/About.js": {"path":"/Users/abhaykumar/Desktop/NamastePakwaanApp/src/Pages/About.js","statementMap":{"0":{"start":{"line":5,"column":8},"end":{"line":5,"column":15}},"1":{"start":{"line":6,"column":8},"end":{"line":15,"column":9}},"2":{"start":{"line":19,"column":21},"end":{"line":19,"column":78}},"3":{"start":{"line":20,"column":25},"end":{"line":20,"column":42}},"4":{"start":{"line":21,"column":8},"end":{"line":23,"column":10}},"5":{"start":{"line":27,"column":62},"end":{"line":27,"column":81}},"6":{"start":{"line":28,"column":8},"end":{"line":43,"column":9}}},"fnMap":{"0":{"name":"(anonymous_0)","decl":{"start":{"line":4,"column":4},"end":{"line":4,"column":5}},"loc":{"start":{"line":4,"column":17},"end":{"line":16,"column":5}},"line":4},"1":{"name":"(anonymous_1)","decl":{"start":{"line":18,"column":4},"end":{"line":18,"column":5}},"loc":{"start":{"line":18,"column":30},"end":{"line":25,"column":5}},"line":18},"2":{"name":"(anonymous_2)","decl":{"start":{"line":26,"column":4},"end":{"line":26,"column":5}},"loc":{"start":{"line":26,"column":12},"end":{"line":44,"column":5}},"line":26}},"branchMap":{"0":{"loc":{"start":{"line":31,"column":65},"end":{"line":31,"column":86}},"type":"binary-expr","locations":[{"start":{"line":31,"column":65},"end":{"line":31,"column":69}},{"start":{"line":31,"column":73},"end":{"line":31,"column":86}}],"line":31},"1":{"loc":{"start":{"line":32,"column":55},"end":{"line":32,"column":85}},"type":"binary-expr","locations":[{"start":{"line":32,"column":55},"end":{"line":32,"column":58}},{"start":{"line":32,"column":62},"end":{"line":32,"column":85}}],"line":32},"2":{"loc":{"start":{"line":33,"column":55},"end":{"line":33,"column":85}},"type":"binary-expr","locations":[{"start":{"line":33,"column":55},"end":{"line":33,"column":63}},{"start":{"line":33,"column":67},"end":{"line":33,"column":85}}],"line":33}},"s":{"0":2,"1":2,"2":2,"3":2,"4":2,"5":4,"6":4},"f":{"0":2,"1":2,"2":4},"b":{"0":[4,2],"1":[4,4],"2":[4,2]},"_coverageSchema":"1a1c01bbd47fc00a2c39e90264f33305004495a9","hash":"dc3395fd6570d53f9b98ca60cc4cd8c7af6009b3"}
,"/Users/abhaykumar/Desktop/NamastePakwaanApp/src/components/sum.js": {"path":"/Users/abhaykumar/Desktop/NamastePakwaanApp/src/components/sum.js","statementMap":{"0":{"start":{"line":2,"column":4},"end":{"line":2,"column":20}}},"fnMap":{"0":{"name":"sum","decl":{"start":{"line":1,"column":16},"end":{"line":1,"column":19}},"loc":{"start":{"line":1,"column":31},"end":{"line":3,"column":1}},"line":1}},"branchMap":{},"s":{"0":1},"f":{"0":1},"b":{},"_coverageSchema":"1a1c01bbd47fc00a2c39e90264f33305004495a9","hash":"c8f488ceb2dcaa8f3a777fb11d29c0f765a65841"}
}
